09:44:03: [0:00:01.975] Rainlendar 2.15.4
09:44:04 am: [0:00:02.828] Category file: /Users/rtruell/.config/.rainlendar2/categories.ini
09:44:04 am: [0:00:02.830] Alarms file: /Users/rtruell/.config/.rainlendar2/alarms.ini
09:44:04 am: [0:00:02.844] Task state file: /Users/rtruell/.config/.rainlendar2/taskstates.ini
09:44:04 am: [0:00:02.848] Windows file: /Users/rtruell/.config/.rainlendar2/windows.ini
09:44:04 am: [0:00:02.969] Reading skin /Users/rtruell/Applications/Rainlendar2-Pro.app/Contents/MacOS/skins/Shadow4.r2skin
09:44:05 am: Warning: iCCP: known incorrect sRGB profile
09:44:05 am: Warning: iCCP: known incorrect sRGB profile
09:44:05 am: [0:00:04.003] Local Time: Ticks: 1627227845 Date: 25-07-2021 Time: 09:44:05 DST: Yes
09:44:05 am: [0:00:04.003]   UTC Time: Ticks: 1627227845 Date: 25-07-2021 Time: 15:44:05 DST: Yes
09:44:05 am: [0:00:04.004] Paths:
09:44:05 am: [0:00:04.004] 	Program: /Users/rtruell/Applications/Rainlendar2-Pro.app/Contents/MacOS/
09:44:05 am: [0:00:04.004] 	Resources: /Users/rtruell/Applications/Rainlendar2-Pro.app/Contents/MacOS/resources/
09:44:05 am: [0:00:04.005] 	Skins (program): /Users/rtruell/Applications/Rainlendar2-Pro.app/Contents/MacOS/skins/
09:44:05 am: [0:00:04.005] 	Skins (config): /Users/rtruell/.config/.rainlendar2/skins/
09:44:05 am: [0:00:04.006] 	Plugins: /Users/rtruell/Applications/Rainlendar2-Pro.app/Contents/MacOS/plugins/
09:44:05 am: [0:00:04.006] 	Locale (program): /Users/rtruell/Applications/Rainlendar2-Pro.app/Contents/MacOS/locale/
09:44:05 am: [0:00:04.006] 	Locale (config): /Users/rtruell/.config/.rainlendar2/locale/
09:44:05 am: [0:00:04.007] 	Scripts (program): /Users/rtruell/Applications/Rainlendar2-Pro.app/Contents/MacOS/scripts/
09:44:05 am: [0:00:04.007] 	Scripts (config): /Users/rtruell/.config/.rainlendar2/scripts/
09:44:05 am: [0:00:04.008] 	Backup: /Users/rtruell/.config/.rainlendar2/backups/
09:44:05 am: [0:00:04.008] 	Config: /Users/rtruell/.config/.rainlendar2/rainlendar2.ini
09:44:05 am: [0:00:04.009] Available plugins:
09:44:05 am: [0:00:04.009] 	iCalendar Format (1.14.166)
09:44:05 am: [0:00:04.009] 	Google Tasks (1.4.166)
09:44:05 am: [0:00:04.010] 	Google Calendar (v3) (1.4.166)
09:44:05 am: [0:00:04.012] 	Network Shared Calendar (1.13.166)
09:44:05 am: [0:00:04.012] 	Remember The Milk (1.7.166)
09:44:05 am: [0:00:04.013] 	Comma Separated Values (1.3.166)
09:44:05 am: [0:00:04.014] 	Toodledo (1.4.166)
09:44:05 am: [0:00:04.014] 	CalDAV Calendar (1.6.166)
09:44:05 am: [0:00:04.015] 	Office365 (1.1.166)
09:44:05 am: Warning: iCCP: known incorrect sRGB profile
09:44:05 am: Warning: iCCP: known incorrect sRGB profile
09:44:07 am: Warning: iCCP: known incorrect sRGB profile
09:44:07 am: Warning: iCCP: cHRM chunk does not match sRGB
09:44:07 am: Warning: iCCP: known incorrect sRGB profile
09:44:07 am: Warning: iCCP: cHRM chunk does not match sRGB
09:44:07 am: Warning: iCCP: known incorrect sRGB profile
09:44:07 am: Warning: iCCP: cHRM chunk does not match sRGB
09:44:07 am: Warning: iCCP: known incorrect sRGB profile
09:44:07 am: Warning: iCCP: known incorrect sRGB profile
09:44:07 am: Warning: iCCP: known incorrect sRGB profile
09:44:07 am: Warning: iCCP: known incorrect sRGB profile
09:44:07 am: Warning: iCCP: known incorrect sRGB profile
09:44:07 am: Warning: iCCP: known incorrect sRGB profile
09:44:07 am: Warning: iCCP: known incorrect sRGB profile
09:44:07 am: Warning: iCCP: known incorrect sRGB profile
09:44:07 am: Warning: iCCP: known incorrect sRGB profile
09:44:07 am: Warning: iCCP: cHRM chunk does not match sRGB
09:44:07 am: Warning: iCCP: known incorrect sRGB profile
09:44:07 am: Warning: iCCP: known incorrect sRGB profile
09:44:07 am: Warning: iCCP: known incorrect sRGB profile
09:44:07 am: Warning: iCCP: known incorrect sRGB profile
09:44:07 am: Warning: iCCP: known incorrect sRGB profile
09:44:07 am: Warning: iCCP: known incorrect sRGB profile
09:44:07 am: Warning: iCCP: known incorrect sRGB profile
09:44:07 am: Warning: iCCP: known incorrect sRGB profile
09:44:07 am: Warning: iCCP: known incorrect sRGB profile
09:44:07 am: Warning: iCCP: known incorrect sRGB profile
09:44:07 am: Warning: iCCP: known incorrect sRGB profile
09:44:07 am: Warning: iCCP: known incorrect sRGB profile
09:44:07 am: Warning: iCCP: known incorrect sRGB profile
09:44:07 am: Warning: iCCP: known incorrect sRGB profile
09:44:07 am: Warning: iCCP: known incorrect sRGB profile
09:44:07 am: Warning: iCCP: known incorrect sRGB profile
09:44:07 am: Warning: iCCP: known incorrect sRGB profile
09:44:07 am: Warning: iCCP: known incorrect sRGB profile
09:44:08 am: Warning: iCCP: known incorrect sRGB profile
09:44:08 am: Warning: iCCP: known incorrect sRGB profile
09:44:08 am: Warning: iCCP: known incorrect sRGB profile
09:44:08 am: Warning: iCCP: known incorrect sRGB profile
09:44:08 am: Warning: iCCP: known incorrect sRGB profile
09:44:08 am: Warning: iCCP: known incorrect sRGB profile
09:44:08 am: Warning: iCCP: known incorrect sRGB profile
09:44:08 am: Warning: iCCP: known incorrect sRGB profile
09:44:08 am: Warning: iCCP: known incorrect sRGB profile
09:44:08 am: Warning: iCCP: known incorrect sRGB profile
09:44:08 am: Warning: iCCP: known incorrect sRGB profile
09:44:08 am: Warning: iCCP: known incorrect sRGB profile
09:44:08 am: Warning: iCCP: known incorrect sRGB profile
09:44:08 am: Warning: iCCP: known incorrect sRGB profile
09:44:08 am: Warning: iCCP: known incorrect sRGB profile
09:44:08 am: Warning: iCCP: known incorrect sRGB profile
09:44:08 am: Warning: iCCP: known incorrect sRGB profile
09:44:08 am: Warning: iCCP: known incorrect sRGB profile
09:44:08 am: Warning: iCCP: known incorrect sRGB profile
09:44:08 am: Warning: iCCP: known incorrect sRGB profile
09:44:08 am: [0:00:07.195] Created backup file "/Users/rtruell/.config/.rainlendar2/backups/20210725-Rainlendar2Backup.zip"
09:44:08 am: Warning: iCCP: known incorrect sRGB profile
09:44:08 am: Warning: iCCP: known incorrect sRGB profile
09:44:06 am: [0:00:04.884] Default: Read 8 VEVENTs and 0 VTODOs from file "/Users/rtruell/.config/.rainlendar2/Default.ics"
09:44:14 am: Warning: iCCP: known incorrect sRGB profile
